Base path: /Applications/Unity/Unity.app/Contents
Pipe name: \\.\pipe\UnityShaderCompiler-3--1334484992
Cmd: getPlatforms
Cmd: compileSnippet
  api=4 type=0 insize=1809 outsize=1128 kw= ok=1
Cmd: compileSnippet
  api=1 type=1 insize=1809 outsize=576 kw= ok=1
Cmd: compileSnippet
  api=4 type=0 insize=1191 outsize=1339 kw= ok=1
Cmd: compileSnippet
  api=1 type=1 insize=1191 outsize=361 kw= ok=1
Cmd: compileSnippet
  api=4 type=0 insize=1302 outsize=1632 kw= ok=1
Cmd: compileSnippet
  api=1 type=1 insize=1302 outsize=265 kw= ok=1
Cmd: compileSnippet
  api=8 type=0 insize=5451 outsize=1958 kw= ok=1
Cmd: compileSnippet
  api=4 type=1 insize=5451 outsize=876 kw= ok=1
Cmd: compileSnippet
  api=1 type=0 insize=5459 outsize=302 kw= ok=1
Cmd: compileSnippet
  api=8 type=1 insize=5459 outsize=2235 kw= ok=1
Cmd: compileSnippet
  api=8 type=0 insize=5463 outsize=2088 kw= ok=1
Cmd: compileSnippet
  api=8 type=1 insize=5463 outsize=2755 kw= ok=1
Cmd: compileSnippet
  api=8 type=0 insize=5464 outsize=2088 kw= ok=1
Cmd: compileSnippet
  api=4 type=1 insize=5464 outsize=1518 kw= ok=1
Cmd: compileSnippet
  api=8 type=0 insize=5468 outsize=2625 kw= ok=1
Cmd: compileSnippet
  api=8 type=1 insize=5468 outsize=2885 kw= ok=1
Cmd: compileSnippet
  api=8 type=0 insize=5470 outsize=2625 kw= ok=1
Cmd: compileSnippet
  api=4 type=1 insize=5470 outsize=1786 kw= ok=1
Cmd: compileSnippet
  api=4 type=0 insize=1265 outsize=1258 kw= ok=1
Cmd: compileSnippet
  api=1 type=1 insize=1265 outsize=652 kw= ok=1
Cmd: compileSnippet
  api=8 type=0 insize=532 outsize=1650 kw= ok=1
Cmd: compileSnippet
  api=8 type=1 insize=532 outsize=1308 kw= ok=1
Cmd: compileSnippet
  api=1 type=0 insize=1354 outsize=379 kw= ok=1
Cmd: compileSnippet
  api=4 type=1 insize=1354 outsize=1940 kw= ok=1
Cmd: compileSnippet
  api=4 type=0 insize=900 outsize=1266 kw= ok=1
Cmd: compileSnippet
  api=1 type=1 insize=900 outsize=136 kw= ok=1
End of pipe

Quitting shader compiler process
